# JRE version: OpenJDK Runtime Environment (11.0.10) (build 11.0.10+0-b96-7249189)
# Java VM: OpenJDK 64-Bit Server VM (11.0.10+0-b96-7249189, mixed mode, tiered, compressed oops, g1 gc, windows-amd64)
Heap:
 garbage-first heap   total 129024K, used 26840K [0x00000000e0000000, 0x0000000100000000)
  region size 1024K, 23 young (23552K), 1 survivors (1024K)
 Metaspace       used 13507K, capacity 13772K, committed 13824K, reserved 1060864K
  class space    used 1440K, capacity 1525K, committed 1536K, reserved 1048576K
GC Heap History (20 events):
Event: 2.185 GC heap before
{Heap before GC invocations=4 (full 0):
 garbage-first heap   total 129024K, used 78242K [0x00000000e0000000, 0x0000000100000000)
  region size 1024K, 75 young (76800K), 4 survivors (4096K)
 Metaspace       used 13506K, capacity 13772K, committed 13824K, reserved 1060864K
  class space    used 1440K, capacity 1525K, committed 1536K, reserved 1048576K
}
Event: 2.188 GC heap after
{Heap after GC invocations=5 (full 0):
 garbage-first heap   total 129024K, used 5453K [0x00000000e0000000, 0x0000000100000000)
  region size 1024K, 4 young (4096K), 4 survivors (4096K)
 Metaspace       used 13506K, capacity 13772K, committed 13824K, reserved 1060864K
  class space    used 1440K, capacity 1525K, committed 1536K, reserved 1048576K
}
Event: 2.269 GC heap before
{Heap before GC invocations=5 (full 0):
 garbage-first heap   total 129024K, used 78157K [0x00000000e0000000, 0x0000000100000000)
  region size 1024K, 75 young (76800K), 4 survivors (4096K)
 Metaspace       used 13506K, capacity 13772K, committed 13824K, reserved 1060864K
  class space    used 1440K, capacity 1525K, committed 1536K, reserved 1048576K
}
Event: 2.273 GC heap after
{Heap after GC invocations=6 (full 0):
 garbage-first heap   total 129024K, used 5182K [0x00000000e0000000, 0x0000000100000000)
  region size 1024K, 3 young (3072K), 3 survivors (3072K)
 Metaspace       used 13506K, capacity 13772K, committed 13824K, reserved 1060864K
  class space    used 1440K, capacity 1525K, committed 1536K, reserved 1048576K
}
Event: 2.346 GC heap before
{Heap before GC invocations=6 (full 0):
 garbage-first heap   total 129024K, used 78910K [0x00000000e0000000, 0x0000000100000000)
  region size 1024K, 75 young (76800K), 3 survivors (3072K)
 Metaspace       used 13506K, capacity 13772K, committed 13824K, reserved 1060864K
  class space    used 1440K, capacity 1525K, committed 1536K, reserved 1048576K
}
Event: 2.349 GC heap after
{Heap after GC invocations=7 (full 0):
 garbage-first heap   total 129024K, used 5307K [0x00000000e0000000, 0x0000000100000000)
  region size 1024K, 3 young (3072K), 3 survivors (3072K)
 Metaspace       used 13506K, capacity 13772K, committed 13824K, reserved 1060864K
  class space    used 1440K, capacity 1525K, committed 1536K, reserved 1048576K
}
Event: 2.415 GC heap before
{Heap before GC invocations=7 (full 0):
 garbage-first heap   total 129024K, used 79035K [0x00000000e0000000, 0x0000000100000000)
  region size 1024K, 75 young (76800K), 3 survivors (3072K)
 Metaspace       used 13506K, capacity 13772K, committed 13824K, reserved 1060864K
  class space    used 1440K, capacity 1525K, committed 1536K, reserved 1048576K
}
Event: 2.418 GC heap after
{Heap after GC invocations=8 (full 0):
 garbage-first heap   total 129024K, used 5790K [0x00000000e0000000, 0x0000000100000000)
  region size 1024K, 4 young (4096K), 4 survivors (4096K)
 Metaspace       used 13506K, capacity 13772K, committed 13824K, reserved 1060864K
  class space    used 1440K, capacity 1525K, committed 1536K, reserved 1048576K
}
Event: 2.487 GC heap before
{Heap before GC invocations=8 (full 0):
 garbage-first heap   total 129024K, used 78494K [0x00000000e0000000, 0x0000000100000000)
  region size 1024K, 75 young (76800K), 4 survivors (4096K)
 Metaspace       used 13506K, capacity 13772K, committed 13824K, reserved 1060864K
  class space    used 1440K, capacity 1525K, committed 1536K, reserved 1048576K
}
Event: 2.490 GC heap after
{Heap after GC invocations=9 (full 0):
 garbage-first heap   total 129024K, used 5280K [0x00000000e0000000, 0x0000000100000000)
  region size 1024K, 3 young (3072K), 3 survivors (3072K)
 Metaspace       used 13506K, capacity 13772K, committed 13824K, reserved 1060864K
  class space    used 1440K, capacity 1525K, committed 1536K, reserved 1048576K
}
Event: 2.562 GC heap before
{Heap before GC invocations=9 (full 0):
 garbage-first heap   total 129024K, used 79008K [0x00000000e0000000, 0x0000000100000000)
  region size 1024K, 75 young (76800K), 3 survivors (3072K)
 Metaspace       used 13506K, capacity 13772K, committed 13824K, reserved 1060864K
  class space    used 1440K, capacity 1525K, committed 1536K, reserved 1048576K
}
Event: 2.566 GC heap after
{Heap after GC invocations=10 (full 0):
 garbage-first heap   total 129024K, used 5323K [0x00000000e0000000, 0x0000000100000000)
  region size 1024K, 3 young (3072K), 3 survivors (3072K)
 Metaspace       used 13506K, capacity 13772K, committed 13824K, reserved 1060864K
  class space    used 1440K, capacity 1525K, committed 1536K, reserved 1048576K
}
Event: 2.649 GC heap before
{Heap before GC invocations=10 (full 0):
 garbage-first heap   total 129024K, used 79051K [0x00000000e0000000, 0x0000000100000000)
  region size 1024K, 75 young (76800K), 3 survivors (3072K)
 Metaspace       used 13506K, capacity 13772K, committed 13824K, reserved 1060864K
  class space    used 1440K, capacity 1525K, committed 1536K, reserved 1048576K
}
Event: 2.653 GC heap after
{Heap after GC invocations=11 (full 0):
 garbage-first heap   total 129024K, used 5502K [0x00000000e0000000, 0x0000000100000000)
  region size 1024K, 4 young (4096K), 4 survivors (4096K)
 Metaspace       used 13506K, capacity 13772K, committed 13824K, reserved 1060864K
  class space    used 1440K, capacity 1525K, committed 1536K, reserved 1048576K
}
Event: 2.722 GC heap before
{Heap before GC invocations=11 (full 0):
 garbage-first heap   total 129024K, used 78206K [0x00000000e0000000, 0x0000000100000000)
  region size 1024K, 75 young (76800K), 4 survivors (4096K)
 Metaspace       used 13506K, capacity 13772K, committed 13824K, reserved 1060864K
  class space    used 1440K, capacity 1525K, committed 1536K, reserved 1048576K
}
Event: 2.725 GC heap after
{Heap after GC invocations=12 (full 0):
 garbage-first heap   total 129024K, used 5301K [0x00000000e0000000, 0x0000000100000000)
  region size 1024K, 3 young (3072K), 3 survivors (3072K)
 Metaspace       used 13506K, capacity 13772K, committed 13824K, reserved 1060864K
  class space    used 1440K, capacity 1525K, committed 1536K, reserved 1048576K
}
Event: 2.811 GC heap before
{Heap before GC invocations=12 (full 0):
 garbage-first heap   total 129024K, used 79029K [0x00000000e0000000, 0x0000000100000000)
  region size 1024K, 75 young (76800K), 3 survivors (3072K)
 Metaspace       used 13507K, capacity 13772K, committed 13824K, reserved 1060864K
  class space    used 1440K, capacity 1525K, committed 1536K, reserved 1048576K
}
Event: 2.814 GC heap after
{Heap after GC invocations=13 (full 0):
 garbage-first heap   total 129024K, used 5350K [0x00000000e0000000, 0x0000000100000000)
  region size 1024K, 3 young (3072K), 3 survivors (3072K)
 Metaspace       used 13507K, capacity 13772K, committed 13824K, reserved 1060864K
  class space    used 1440K, capacity 1525K, committed 1536K, reserved 1048576K
}
Event: 2.878 GC heap before
{Heap before GC invocations=13 (full 0):
 garbage-first heap   total 129024K, used 79078K [0x00000000e0000000, 0x0000000100000000)
  region size 1024K, 75 young (76800K), 3 survivors (3072K)
 Metaspace       used 13507K, capacity 13772K, committed 13824K, reserved 1060864K
  class space    used 1440K, capacity 1525K, committed 1536K, reserved 1048576K
}
Event: 2.881 GC heap after
{Heap after GC invocations=14 (full 0):
 garbage-first heap   total 129024K, used 5379K [0x00000000e0000000, 0x0000000100000000)
  region size 1024K, 3 young (3072K), 3 survivors (3072K)
 Metaspace       used 13507K, capacity 13772K, committed 13824K, reserved 1060864K
  class space    used 1440K, capacity 1525K, committed 1536K, reserved 1048576K
}

