# JRE version: OpenJDK Runtime Environment (11.0.10) (build 11.0.10+0-b96-7249189)
# Java VM: OpenJDK 64-Bit Server VM (11.0.10+0-b96-7249189, mixed mode, tiered, compressed oops, g1 gc, windows-amd64)
Heap:
 garbage-first heap   total 129024K, used 63638K [0x00000000e0000000, 0x0000000100000000)
  region size 1024K, 59 young (60416K), 1 survivors (1024K)
 Metaspace       used 13519K, capacity 13836K, committed 14080K, reserved 1062912K
  class space    used 1440K, capacity 1525K, committed 1536K, reserved 1048576K
GC Heap History (20 events):
Event: 1.990 GC heap before
{Heap before GC invocations=5 (full 0):
 garbage-first heap   total 129024K, used 79063K [0x00000000e0000000, 0x0000000100000000)
  region size 1024K, 75 young (76800K), 3 survivors (3072K)
 Metaspace       used 13519K, capacity 13836K, committed 14080K, reserved 1062912K
  class space    used 1440K, capacity 1525K, committed 1536K, reserved 1048576K
}
Event: 1.994 GC heap after
{Heap after GC invocations=6 (full 0):
 garbage-first heap   total 129024K, used 5392K [0x00000000e0000000, 0x0000000100000000)
  region size 1024K, 4 young (4096K), 4 survivors (4096K)
 Metaspace       used 13519K, capacity 13836K, committed 14080K, reserved 1062912K
  class space    used 1440K, capacity 1525K, committed 1536K, reserved 1048576K
}
Event: 2.077 GC heap before
{Heap before GC invocations=6 (full 0):
 garbage-first heap   total 129024K, used 78096K [0x00000000e0000000, 0x0000000100000000)
  region size 1024K, 75 young (76800K), 4 survivors (4096K)
 Metaspace       used 13519K, capacity 13836K, committed 14080K, reserved 1062912K
  class space    used 1440K, capacity 1525K, committed 1536K, reserved 1048576K
}
Event: 2.081 GC heap after
{Heap after GC invocations=7 (full 0):
 garbage-first heap   total 129024K, used 5260K [0x00000000e0000000, 0x0000000100000000)
  region size 1024K, 3 young (3072K), 3 survivors (3072K)
 Metaspace       used 13519K, capacity 13836K, committed 14080K, reserved 1062912K
  class space    used 1440K, capacity 1525K, committed 1536K, reserved 1048576K
}
Event: 2.154 GC heap before
{Heap before GC invocations=7 (full 0):
 garbage-first heap   total 129024K, used 78988K [0x00000000e0000000, 0x0000000100000000)
  region size 1024K, 75 young (76800K), 3 survivors (3072K)
 Metaspace       used 13519K, capacity 13836K, committed 14080K, reserved 1062912K
  class space    used 1440K, capacity 1525K, committed 1536K, reserved 1048576K
}
Event: 2.157 GC heap after
{Heap after GC invocations=8 (full 0):
 garbage-first heap   total 129024K, used 5325K [0x00000000e0000000, 0x0000000100000000)
  region size 1024K, 3 young (3072K), 3 survivors (3072K)
 Metaspace       used 13519K, capacity 13836K, committed 14080K, reserved 1062912K
  class space    used 1440K, capacity 1525K, committed 1536K, reserved 1048576K
}
Event: 2.230 GC heap before
{Heap before GC invocations=8 (full 0):
 garbage-first heap   total 129024K, used 79053K [0x00000000e0000000, 0x0000000100000000)
  region size 1024K, 75 young (76800K), 3 survivors (3072K)
 Metaspace       used 13519K, capacity 13836K, committed 14080K, reserved 1062912K
  class space    used 1440K, capacity 1525K, committed 1536K, reserved 1048576K
}
Event: 2.234 GC heap after
{Heap after GC invocations=9 (full 0):
 garbage-first heap   total 129024K, used 5347K [0x00000000e0000000, 0x0000000100000000)
  region size 1024K, 3 young (3072K), 3 survivors (3072K)
 Metaspace       used 13519K, capacity 13836K, committed 14080K, reserved 1062912K
  class space    used 1440K, capacity 1525K, committed 1536K, reserved 1048576K
}
Event: 2.307 GC heap before
{Heap before GC invocations=9 (full 0):
 garbage-first heap   total 129024K, used 79075K [0x00000000e0000000, 0x0000000100000000)
  region size 1024K, 75 young (76800K), 3 survivors (3072K)
 Metaspace       used 13519K, capacity 13836K, committed 14080K, reserved 1062912K
  class space    used 1440K, capacity 1525K, committed 1536K, reserved 1048576K
}
Event: 2.310 GC heap after
{Heap after GC invocations=10 (full 0):
 garbage-first heap   total 129024K, used 5391K [0x00000000e0000000, 0x0000000100000000)
  region size 1024K, 4 young (4096K), 4 survivors (4096K)
 Metaspace       used 13519K, capacity 13836K, committed 14080K, reserved 1062912K
  class space    used 1440K, capacity 1525K, committed 1536K, reserved 1048576K
}
Event: 2.384 GC heap before
{Heap before GC invocations=10 (full 0):
 garbage-first heap   total 129024K, used 78095K [0x00000000e0000000, 0x0000000100000000)
  region size 1024K, 75 young (76800K), 4 survivors (4096K)
 Metaspace       used 13519K, capacity 13836K, committed 14080K, reserved 1062912K
  class space    used 1440K, capacity 1525K, committed 1536K, reserved 1048576K
}
Event: 2.387 GC heap after
{Heap after GC invocations=11 (full 0):
 garbage-first heap   total 129024K, used 5289K [0x00000000e0000000, 0x0000000100000000)
  region size 1024K, 3 young (3072K), 3 survivors (3072K)
 Metaspace       used 13519K, capacity 13836K, committed 14080K, reserved 1062912K
  class space    used 1440K, capacity 1525K, committed 1536K, reserved 1048576K
}
Event: 2.457 GC heap before
{Heap before GC invocations=11 (full 0):
 garbage-first heap   total 129024K, used 79017K [0x00000000e0000000, 0x0000000100000000)
  region size 1024K, 75 young (76800K), 3 survivors (3072K)
 Metaspace       used 13519K, capacity 13836K, committed 14080K, reserved 1062912K
  class space    used 1440K, capacity 1525K, committed 1536K, reserved 1048576K
}
Event: 2.460 GC heap after
{Heap after GC invocations=12 (full 0):
 garbage-first heap   total 129024K, used 5434K [0x00000000e0000000, 0x0000000100000000)
  region size 1024K, 4 young (4096K), 4 survivors (4096K)
 Metaspace       used 13519K, capacity 13836K, committed 14080K, reserved 1062912K
  class space    used 1440K, capacity 1525K, committed 1536K, reserved 1048576K
}
Event: 2.536 GC heap before
{Heap before GC invocations=12 (full 0):
 garbage-first heap   total 129024K, used 78138K [0x00000000e0000000, 0x0000000100000000)
  region size 1024K, 75 young (76800K), 4 survivors (4096K)
 Metaspace       used 13519K, capacity 13836K, committed 14080K, reserved 1062912K
  class space    used 1440K, capacity 1525K, committed 1536K, reserved 1048576K
}
Event: 2.540 GC heap after
{Heap after GC invocations=13 (full 0):
 garbage-first heap   total 129024K, used 5389K [0x00000000e0000000, 0x0000000100000000)
  region size 1024K, 4 young (4096K), 4 survivors (4096K)
 Metaspace       used 13519K, capacity 13836K, committed 14080K, reserved 1062912K
  class space    used 1440K, capacity 1525K, committed 1536K, reserved 1048576K
}
Event: 2.627 GC heap before
{Heap before GC invocations=13 (full 0):
 garbage-first heap   total 129024K, used 78093K [0x00000000e0000000, 0x0000000100000000)
  region size 1024K, 75 young (76800K), 4 survivors (4096K)
 Metaspace       used 13519K, capacity 13836K, committed 14080K, reserved 1062912K
  class space    used 1440K, capacity 1525K, committed 1536K, reserved 1048576K
}
Event: 2.631 GC heap after
{Heap after GC invocations=14 (full 0):
 garbage-first heap   total 129024K, used 5347K [0x00000000e0000000, 0x0000000100000000)
  region size 1024K, 3 young (3072K), 3 survivors (3072K)
 Metaspace       used 13519K, capacity 13836K, committed 14080K, reserved 1062912K
  class space    used 1440K, capacity 1525K, committed 1536K, reserved 1048576K
}
Event: 2.695 GC heap before
{Heap before GC invocations=14 (full 0):
 garbage-first heap   total 129024K, used 79075K [0x00000000e0000000, 0x0000000100000000)
  region size 1024K, 75 young (76800K), 3 survivors (3072K)
 Metaspace       used 13519K, capacity 13836K, committed 14080K, reserved 1062912K
  class space    used 1440K, capacity 1525K, committed 1536K, reserved 1048576K
}
Event: 2.699 GC heap after
{Heap after GC invocations=15 (full 0):
 garbage-first heap   total 129024K, used 5280K [0x00000000e0000000, 0x0000000100000000)
  region size 1024K, 3 young (3072K), 3 survivors (3072K)
 Metaspace       used 13519K, capacity 13836K, committed 14080K, reserved 1062912K
  class space    used 1440K, capacity 1525K, committed 1536K, reserved 1048576K
}

